<?xml version="1.0" encoding="UTF-8"?>
<!-- Generated by org.testng.reporters.JUnitReportReporter -->
<testsuite skipped="0" hostname="DESKTOP-1R9E1U3" name="PageTest.JobSearchPage" tests="1" failures="0" timestamp="11 Sep 2019 02:52:04 GMT" time="9.131" errors="0">
  <testcase name="LoginTest" time="9.131" classname="PageTest.JobSearchPage"/>
</testsuite> <!-- PageTest.JobSearchPage -->
